<?xml version="1.0" encoding="UTF-8"?>
<testng-results ignored="0" total="1" passed="1" failed="0" skipped="0">
  <reporter-output>
  </reporter-output>
  <suite started-at="2021-05-28T13:26:02 IST" name="Default suite" finished-at="2021-05-28T13:26:38 IST" duration-ms="35913">
    <groups>
    </groups>
    <test started-at="2021-05-28T13:26:02 IST" name="Default test" finished-at="2021-05-28T13:26:38 IST" duration-ms="35913">
      <class name="com.amazon.testcases.HomePageTest">
        <test-method is-config="true" signature="setUp()[pri:0, instance:com.amazon.testcases.HomePageTest@51e5fc98]" started-at="2021-05-28T13:26:02 IST" name="setUp" finished-at="2021-05-28T13:26:34 IST" duration-ms="31346" status="PASS">
          <reporter-output>
          </reporter-output>
        </test-method> <!-- setUp -->
        <test-method signature="testSearchResult()[pri:0, instance:com.amazon.testcases.HomePageTest@51e5fc98]" started-at="2021-05-28T13:26:34 IST" name="testSearchResult" finished-at="2021-05-28T13:26:38 IST" duration-ms="4485" status="PASS">
          <reporter-output>
          </reporter-output>
        </test-method> <!-- testSearchResult -->
      </class> <!-- com.amazon.testcases.HomePageTest -->
    </test> <!-- Default test -->
  </suite> <!-- Default suite -->
</testng-results>
